Using pre-set license
Built from '2020.3/release' branch; Version is '2020.3.1f1 (77a89f25062f) revision 7841951'; Using compiler version '192528614'; Build Type 'Release'
OS: 'Windows 10 Pro; OS build 19043.1052; Version 2009; 64bit' Language: 'en' Physical Memory: 7960 MB
BatchMode: 1, IsHumanControllingUs: 0, StartBugReporterOnCrash: 0, Is64bit: 1, IsPro: 0

 COMMAND LINE ARGUMENTS:
C:\Program Files\Unity\Hub\Editor\2020.3.1f1\Editor\Unity.exe
-adb2
-batchMode
-noUpm
-name
AssetImportWorker0
-projectPath
C:/4Semester/GameDev/ProjectC
-logFile
Logs/AssetImportWorker0.log
-srvPort
57897
Successfully changed project path to: C:/4Semester/GameDev/ProjectC
C:/4Semester/GameDev/ProjectC
Using Asset Import Pipeline V2.
Refreshing native plugins compatible for Editor in 54.94 ms, found 1 plugins.
Preloading 0 native plugins for Editor in 0.00 ms.
Initialize engine version: 2020.3.1f1 (77a89f25062f)
[Subsystems] Discovering subsystems at path C:/Program Files/Unity/Hub/Editor/2020.3.1f1/Editor/Data/Resources/UnitySubsystems
[Subsystems] Discovering subsystems at path C:/4Semester/GameDev/ProjectC/Assets
GfxDevice: creating device client; threaded=0
Direct3D:
    Version:  Direct3D 11.0 [level 11.1]
    Renderer: Intel(R) UHD Graphics (ID=0x8a56)
    Vendor:   
    VRAM:     3980 MB
    Driver:   27.20.100.8783
Initialize mono
Mono path[0] = 'C:/Program Files/Unity/Hub/Editor/2020.3.1f1/Editor/Data/Managed'
Mono path[1] = 'C:/Program Files/Unity/Hub/Editor/2020.3.1f1/Editor/Data/MonoBleedingEdge/lib/mono/unityjit'
Mono config path = 'C:/Program Files/Unity/Hub/Editor/2020.3.1f1/Editor/Data/MonoBleedingEdge/etc'
Using monoOptions --debugger-agent=transport=dt_socket,embedding=1,server=y,suspend=n,address=127.0.0.1:56844
Begin MonoManager ReloadAssembly
Registering precompiled unity dll's ...
Register platform support module: C:/Program Files/Unity/Hub/Editor/2020.3.1f1/Editor/Data/PlaybackEngines/WindowsStandaloneSupport/UnityEditor.WindowsStandalone.Extensions.dll
Registered in 0.003125 seconds.
Native extension for WindowsStandalone target not found
Refreshing native plugins compatible for Editor in 63.98 ms, found 1 plugins.
Preloading 0 native plugins for Editor in 0.00 ms.
Invoked RoslynAnalysisRunner static constructor.
RoslynAnalysisRunner will not be running.
RoslynAnalysisRunner has terminated.
Mono: successfully reloaded assembly
- Completed reload, in  3.942 seconds
Platform modules already initialized, skipping
Registering precompiled user dll's ...
Registered in 0.002568 seconds.
Begin MonoManager ReloadAssembly
Native extension for WindowsStandalone target not found
Refreshing native plugins compatible for Editor in 74.17 ms, found 1 plugins.
Preloading 0 native plugins for Editor in 0.00 ms.
Invoked RoslynAnalysisRunner static constructor.
RoslynAnalysisRunner will not be running.
RoslynAnalysisRunner has terminated.
Mono: successfully reloaded assembly
- Completed reload, in  1.104 seconds
Platform modules already initialized, skipping
========================================================================
Worker process is ready to serve import requests
Launched and connected shader compiler UnityShaderCompiler.exe after 0.08 seconds
Refreshing native plugins compatible for Editor in 0.85 ms, found 1 plugins.
Preloading 0 native plugins for Editor in 0.00 ms.
Unloading 2272 Unused Serialized files (Serialized files now loaded: 0)
System memory in use before: 110.2 MB.
System memory in use after: 110.4 MB.

Unloading 19 unused Assets to reduce memory usage. Loaded Objects now: 2730.
Total: 3.481800 ms (FindLiveObjects: 0.335100 ms CreateObjectMapping: 0.163900 ms MarkObjects: 2.952200 ms  DeleteObjects: 0.028700 ms)

========================================================================
Received Import Request.
  path: Assets/2DGamekit/Art/TileMapPalettes/Tileset/TilesetRockWaterBlockers.prefab
  artifactKey: Guid(3ae57766a9addd249a15631321e5e018) Importer(815301076,1909f56bfc062723c751e8b465ee728b)
Start importing Assets/2DGamekit/Art/TileMapPalettes/Tileset/TilesetRockWaterBlockers.prefab using Guid(3ae57766a9addd249a15631321e5e018) Importer(815301076,1909f56bfc062723c751e8b465ee728b)  -> (artifact id: 'd5938ffdaea39c337bc0e3599b274f28') in 0.059252 seconds
  Import took 0.064793 seconds .

========================================================================
Received Import Request.
  Time since last request: 0.000456 seconds.
  path: Assets/2DGamekit/Art/TileMapPalettes
  artifactKey: Guid(6b4954ef413f139418f69683aa067c7f) Importer(815301076,1909f56bfc062723c751e8b465ee728b)
Start importing Assets/2DGamekit/Art/TileMapPalettes using Guid(6b4954ef413f139418f69683aa067c7f) Importer(815301076,1909f56bfc062723c751e8b465ee728b)  -> (artifact id: '26533eb8f766056141cf433cc7ac2b28') in 0.006177 seconds
  Import took 0.013263 seconds .

========================================================================
Received Import Request.
  Time since last request: 0.000360 seconds.
  path: Assets/2DGamekit/Art/TileMapPalettes/Tileset
  artifactKey: Guid(145a7a2167b29a046b62f229a8696bd3) Importer(815301076,1909f56bfc062723c751e8b465ee728b)
Start importing Assets/2DGamekit/Art/TileMapPalettes/Tileset using Guid(145a7a2167b29a046b62f229a8696bd3) Importer(815301076,1909f56bfc062723c751e8b465ee728b)  -> (artifact id: '27a51b021be36e7f28fcca91df3dfe79') in 0.006560 seconds
  Import took 0.012632 seconds .

========================================================================
Received Import Request.
  Time since last request: 0.000267 seconds.
  path: Assets/2DGamekit/Art/TileMapPalettes/Tileset/TilesetGamekit.prefab
  artifactKey: Guid(828ab588c2d0159468fbefcc1189616f) Importer(815301076,1909f56bfc062723c751e8b465ee728b)
Start importing Assets/2DGamekit/Art/TileMapPalettes/Tileset/TilesetGamekit.prefab using Guid(828ab588c2d0159468fbefcc1189616f) Importer(815301076,1909f56bfc062723c751e8b465ee728b)  -> (artifact id: '9194a026455a31a0ed1954c995d80014') in 0.008793 seconds
  Import took 0.015792 seconds .

========================================================================
Received Import Request.
  Time since last request: 0.000466 seconds.
  path: Assets/2DGamekit/Art/TileMapPalettes/Tileset/TilesetRockRules.asset
  artifactKey: Guid(c0a72b2f2922a4241ba1735d8082c260) Importer(815301076,1909f56bfc062723c751e8b465ee728b)
Start importing Assets/2DGamekit/Art/TileMapPalettes/Tileset/TilesetRockRules.asset using Guid(c0a72b2f2922a4241ba1735d8082c260) Importer(815301076,1909f56bfc062723c751e8b465ee728b)  -> (artifact id: '4790fdfda8e68a056a29786bb0f69ef9') in 0.237983 seconds
  Import took 0.248873 seconds .

========================================================================
Received Import Request.
  Time since last request: 0.000353 seconds.
  path: Assets/2DGamekit/Art/TileMapPalettes/Tileset/TilesetAlienRules.asset
  artifactKey: Guid(1032823b40fd7ef4ea6f06b3e6c5c860) Importer(815301076,1909f56bfc062723c751e8b465ee728b)
Start importing Assets/2DGamekit/Art/TileMapPalettes/Tileset/TilesetAlienRules.asset using Guid(1032823b40fd7ef4ea6f06b3e6c5c860) Importer(815301076,1909f56bfc062723c751e8b465ee728b)  -> (artifact id: '31a88479553a24901ad8a58849cee24b') in 0.163938 seconds
  Import took 0.171793 seconds .

========================================================================
Received Import Request.
  Time since last request: 28.562703 seconds.
  path: Assets/2DGamekit/Art/Sprites/Environment/Tilesets
  artifactKey: Guid(5a199d0afe6c7844aadb989216f9bcd0) Importer(815301076,1909f56bfc062723c751e8b465ee728b)
Start importing Assets/2DGamekit/Art/Sprites/Environment/Tilesets using Guid(5a199d0afe6c7844aadb989216f9bcd0) Importer(815301076,1909f56bfc062723c751e8b465ee728b)  -> (artifact id: '6c51e194100529cb878b37dffcd31093') in 0.010492 seconds
  Import took 0.021535 seconds .

========================================================================
Received Import Request.
  Time since last request: 0.044549 seconds.
  path: Assets/2DGamekit/Art/Sprites/Environment/Tilesets/Tileset_Alien.png
  artifactKey: Guid(05f0bf62dcfb65a4ebd0402151fc3c11) Importer(815301076,1909f56bfc062723c751e8b465ee728b)
Start importing Assets/2DGamekit/Art/Sprites/Environment/Tilesets/Tileset_Alien.png using Guid(05f0bf62dcfb65a4ebd0402151fc3c11) Importer(815301076,1909f56bfc062723c751e8b465ee728b)  -> (artifact id: '91363270439d9ab881073ec8f3a6e8cb') in 0.551521 seconds
  Import took 0.559446 seconds .

========================================================================
Received Import Request.
  Time since last request: 0.000531 seconds.
  path: Assets/2DGamekit/Art/Sprites/Environment/Tilesets/Tileset_Rock_Normal.png
  artifactKey: Guid(a2a205aeb5f813046aa0a5f7da43d51d) Importer(815301076,1909f56bfc062723c751e8b465ee728b)
Start importing Assets/2DGamekit/Art/Sprites/Environment/Tilesets/Tileset_Rock_Normal.png using Guid(a2a205aeb5f813046aa0a5f7da43d51d) Importer(815301076,1909f56bfc062723c751e8b465ee728b)  -> (artifact id: '94d9f88c23e1d8aab0aff31f3767b130') in 0.033832 seconds
  Import took 0.038189 seconds .

========================================================================
Received Import Request.
  Time since last request: 0.000382 seconds.
  path: Assets/2DGamekit/Art/Sprites/Environment/Tilesets/TilesetRock_WaterBlockers.png
  artifactKey: Guid(19ddc710aa1f2fd44bfe558f9bcf95f7) Importer(815301076,1909f56bfc062723c751e8b465ee728b)
Start importing Assets/2DGamekit/Art/Sprites/Environment/Tilesets/TilesetRock_WaterBlockers.png using Guid(19ddc710aa1f2fd44bfe558f9bcf95f7) Importer(815301076,1909f56bfc062723c751e8b465ee728b)  -> (artifact id: 'afe115b5a0d69ed347a7ff91b226ac8c') in 0.060752 seconds
  Import took 0.064608 seconds .

========================================================================
Received Import Request.
  Time since last request: 0.000217 seconds.
  path: Assets/2DGamekit/Art/Sprites/Environment/Tilesets/TilesetRock_WaterBlockers_Normals.png
  artifactKey: Guid(b501bd5d6c84d2543908bf2a0b643733) Importer(815301076,1909f56bfc062723c751e8b465ee728b)
Start importing Assets/2DGamekit/Art/Sprites/Environment/Tilesets/TilesetRock_WaterBlockers_Normals.png using Guid(b501bd5d6c84d2543908bf2a0b643733) Importer(815301076,1909f56bfc062723c751e8b465ee728b)  -> (artifact id: 'a1a7fd1f6292bc54ee60fae149a3e0cd') in 0.026005 seconds
  Import took 0.030975 seconds .

========================================================================
Received Import Request.
  Time since last request: 0.000326 seconds.
  path: Assets/2DGamekit/Art/Sprites/Environment/Tilesets/Tileset_Rock.png
  artifactKey: Guid(6e1db66fc7e57884380659e0a55351f0) Importer(815301076,1909f56bfc062723c751e8b465ee728b)
Start importing Assets/2DGamekit/Art/Sprites/Environment/Tilesets/Tileset_Rock.png using Guid(6e1db66fc7e57884380659e0a55351f0) Importer(815301076,1909f56bfc062723c751e8b465ee728b)  -> (artifact id: '03be99515ed82f727db43d27175f54e3') in 0.592750 seconds
  Import took 0.601553 seconds .

========================================================================
Received Import Request.
  Time since last request: 0.000197 seconds.
  path: Assets/2DGamekit/Art/Sprites/Environment/Tilesets/Tileset_Alien_Normal.png
  artifactKey: Guid(006db1cacab857d4d94ef991081e7977) Importer(815301076,1909f56bfc062723c751e8b465ee728b)
Start importing Assets/2DGamekit/Art/Sprites/Environment/Tilesets/Tileset_Alien_Normal.png using Guid(006db1cacab857d4d94ef991081e7977) Importer(815301076,1909f56bfc062723c751e8b465ee728b)  -> (artifact id: '8a3ea7c85218dffd53df4fa949bce441') in 0.027271 seconds
  Import took 0.032627 seconds .

========================================================================
Received Import Request.
  Time since last request: 0.004820 seconds.
  path: Assets/2DGamekit/Art/Sprites/Environment/Tilesets/Tileset_Alien_Normal.png
  artifactKey: Guid(006db1cacab857d4d94ef991081e7977) Importer(815301076,1909f56bfc062723c751e8b465ee728b)
Start importing Assets/2DGamekit/Art/Sprites/Environment/Tilesets/Tileset_Alien_Normal.png using Guid(006db1cacab857d4d94ef991081e7977) Importer(815301076,1909f56bfc062723c751e8b465ee728b)  -> (artifact id: '8a3ea7c85218dffd53df4fa949bce441') in 0.015549 seconds
  Import took 0.022099 seconds .

========================================================================
Received Prepare
Refreshing native plugins compatible for Editor in 2.25 ms, found 1 plugins.
Preloading 0 native plugins for Editor in 0.00 ms.
Unloading 5 Unused Serialized files (Serialized files now loaded: 0)
System memory in use before: 65.7 MB.
System memory in use after: 65.9 MB.

Unloading 5 unused Assets to reduce memory usage. Loaded Objects now: 2740.
Total: 5.025900 ms (FindLiveObjects: 0.196300 ms CreateObjectMapping: 0.096000 ms MarkObjects: 4.698800 ms  DeleteObjects: 0.032300 ms)

========================================================================
Received Import Request.
  Time since last request: 35.481587 seconds.
  path: Assets/2DGamekit/Art/Sprites/Environment/Background.prefab
  artifactKey: Guid(788d477c006e6b443b97c6a3563b4725) Importer(815301076,1909f56bfc062723c751e8b465ee728b)
Start importing Assets/2DGamekit/Art/Sprites/Environment/Background.prefab using Guid(788d477c006e6b443b97c6a3563b4725) Importer(815301076,1909f56bfc062723c751e8b465ee728b)  -> (artifact id: '939c72120e94f423846947f3828ebefa') in 0.005706 seconds
  Import took 0.009801 seconds .

========================================================================
Received Import Request.
  Time since last request: 0.000285 seconds.
  path: Assets/2DGamekit/Art/Sprites/Environment/WallTileEnd.asset
  artifactKey: Guid(9f3cac38069a27648b124ecfec0cb289) Importer(815301076,1909f56bfc062723c751e8b465ee728b)
Start importing Assets/2DGamekit/Art/Sprites/Environment/WallTileEnd.asset using Guid(9f3cac38069a27648b124ecfec0cb289) Importer(815301076,1909f56bfc062723c751e8b465ee728b)  -> (artifact id: '4e797d96c939fb90c3631b3cd8210aca') in 0.025295 seconds
  Import took 0.030455 seconds .

========================================================================
Received Import Request.
  Time since last request: 547.831359 seconds.
  path: ProjectSettings/TagManager.asset
  artifactKey: Guid(00000000000000003000000000000000) Importer(815301076,1909f56bfc062723c751e8b465ee728b)
Start importing ProjectSettings/TagManager.asset using Guid(00000000000000003000000000000000) Importer(815301076,1909f56bfc062723c751e8b465ee728b)  -> (artifact id: '824c294e6c5a06995bdba2711711bf28') in 0.013043 seconds
  Import took 0.020431 seconds .

========================================================================
Received Prepare
Registering precompiled user dll's ...
Registered in 0.002815 seconds.
Begin MonoManager ReloadAssembly
Native extension for WindowsStandalone target not found
Refreshing native plugins compatible for Editor in 0.64 ms, found 1 plugins.
Preloading 0 native plugins for Editor in 0.00 ms.
Invoked RoslynAnalysisRunner static constructor.
RoslynAnalysisRunner will not be running.
RoslynAnalysisRunner has terminated.
Mono: successfully reloaded assembly
- Completed reload, in  1.298 seconds
Platform modules already initialized, skipping
Refreshing native plugins compatible for Editor in 0.52 ms, found 1 plugins.
Preloading 0 native plugins for Editor in 0.00 ms.
Unloading 2214 Unused Serialized files (Serialized files now loaded: 0)
System memory in use before: 109.2 MB.
System memory in use after: 109.5 MB.

Unloading 9 unused Assets to reduce memory usage. Loaded Objects now: 2744.
Total: 1.917200 ms (FindLiveObjects: 0.191800 ms CreateObjectMapping: 0.073000 ms MarkObjects: 1.626500 ms  DeleteObjects: 0.024500 ms)

========================================================================
Received Import Request.
  Time since last request: 206.171124 seconds.
  path: Assets/2DGamekit/Utilities/Standard Assets/Effects/ImageEffects/Shaders
  artifactKey: Guid(b2145489f7c704db8acb14a52bddeee9) Importer(815301076,1909f56bfc062723c751e8b465ee728b)
Start importing Assets/2DGamekit/Utilities/Standard Assets/Effects/ImageEffects/Shaders using Guid(b2145489f7c704db8acb14a52bddeee9) Importer(815301076,1909f56bfc062723c751e8b465ee728b)  -> (artifact id: 'ecf3ab30f1dd695a489407e5367999ae') in 0.016257 seconds
  Import took 0.024731 seconds .

========================================================================
Received Import Request.
  Time since last request: 3.211552 seconds.
  path: Assets/2DGamekit/Utilities/Shaders
  artifactKey: Guid(afb55fef69d81824fa65642f8b3669e7) Importer(815301076,1909f56bfc062723c751e8b465ee728b)
Start importing Assets/2DGamekit/Utilities/Shaders using Guid(afb55fef69d81824fa65642f8b3669e7) Importer(815301076,1909f56bfc062723c751e8b465ee728b)  -> (artifact id: '9febf42e1435af187e2ad0a871956b26') in 0.008706 seconds
  Import took 0.015553 seconds .

========================================================================
Received Import Request.
  Time since last request: 0.001294 seconds.
  path: Assets/2DGamekit/Utilities/Shaders
  artifactKey: Guid(afb55fef69d81824fa65642f8b3669e7) Importer(815301076,1909f56bfc062723c751e8b465ee728b)
Start importing Assets/2DGamekit/Utilities/Shaders using Guid(afb55fef69d81824fa65642f8b3669e7) Importer(815301076,1909f56bfc062723c751e8b465ee728b)  -> (artifact id: '9febf42e1435af187e2ad0a871956b26') in 0.005085 seconds
  Import took 0.009959 seconds .

========================================================================
Received Import Request.
  Time since last request: 1.901654 seconds.
  path: Assets/2DGamekit/Utilities/Shaders/NormalMappedSprite-Animated.shader
  artifactKey: Guid(72012cb05ca3840c28fc9828efd60a7b) Importer(815301076,1909f56bfc062723c751e8b465ee728b)
Start importing Assets/2DGamekit/Utilities/Shaders/NormalMappedSprite-Animated.shader using Guid(72012cb05ca3840c28fc9828efd60a7b) Importer(815301076,1909f56bfc062723c751e8b465ee728b)  -> (artifact id: 'c216841ef175d4414a2338225b5bffb6') in 0.019365 seconds
  Import took 0.025752 seconds .

========================================================================
Received Import Request.
  Time since last request: 3.291673 seconds.
  path: Assets/2DGamekit/Utilities/Shaders/NormalMappedSprite.shader
  artifactKey: Guid(c435d116a610d2745b93f829ed86cccd) Importer(815301076,1909f56bfc062723c751e8b465ee728b)
Start importing Assets/2DGamekit/Utilities/Shaders/NormalMappedSprite.shader using Guid(c435d116a610d2745b93f829ed86cccd) Importer(815301076,1909f56bfc062723c751e8b465ee728b)  -> (artifact id: 'bdb4f659c30cf4c448cf69ff48beaa0f') in 0.007698 seconds
  Import took 0.013489 seconds .

========================================================================
Received Prepare
Registering precompiled user dll's ...
Registered in 0.004245 seconds.
Begin MonoManager ReloadAssembly
Native extension for WindowsStandalone target not found
Refreshing native plugins compatible for Editor in 0.47 ms, found 1 plugins.
Preloading 0 native plugins for Editor in 0.00 ms.
Invoked RoslynAnalysisRunner static constructor.
RoslynAnalysisRunner will not be running.
RoslynAnalysisRunner has terminated.
Mono: successfully reloaded assembly
- Completed reload, in  1.044 seconds
Platform modules already initialized, skipping
Refreshing native plugins compatible for Editor in 0.55 ms, found 1 plugins.
Preloading 0 native plugins for Editor in 0.00 ms.
Unloading 2214 Unused Serialized files (Serialized files now loaded: 0)
System memory in use before: 109.3 MB.
System memory in use after: 109.5 MB.

Unloading 8 unused Assets to reduce memory usage. Loaded Objects now: 2748.
Total: 2.084600 ms (FindLiveObjects: 0.247600 ms CreateObjectMapping: 0.088800 ms MarkObjects: 1.722200 ms  DeleteObjects: 0.023900 ms)

========================================================================
Received Prepare
Registering precompiled user dll's ...
Registered in 0.001936 seconds.
Begin MonoManager ReloadAssembly
Native extension for WindowsStandalone target not found
Refreshing native plugins compatible for Editor in 0.50 ms, found 1 plugins.
Preloading 0 native plugins for Editor in 0.00 ms.
Invoked RoslynAnalysisRunner static constructor.
RoslynAnalysisRunner will not be running.
RoslynAnalysisRunner has terminated.
Mono: successfully reloaded assembly
- Completed reload, in  0.940 seconds
Platform modules already initialized, skipping
Refreshing native plugins compatible for Editor in 0.47 ms, found 1 plugins.
Preloading 0 native plugins for Editor in 0.00 ms.
Unloading 2214 Unused Serialized files (Serialized files now loaded: 0)
System memory in use before: 109.3 MB.
System memory in use after: 109.5 MB.

Unloading 8 unused Assets to reduce memory usage. Loaded Objects now: 2752.
Total: 1.823900 ms (FindLiveObjects: 0.196100 ms CreateObjectMapping: 0.076700 ms MarkObjects: 1.533300 ms  DeleteObjects: 0.016300 ms)

========================================================================
Received Prepare
Registering precompiled user dll's ...
Registered in 0.002135 seconds.
Begin MonoManager ReloadAssembly
Native extension for WindowsStandalone target not found
Refreshing native plugins compatible for Editor in 0.99 ms, found 1 plugins.
Preloading 0 native plugins for Editor in 0.00 ms.
Invoked RoslynAnalysisRunner static constructor.
RoslynAnalysisRunner will not be running.
RoslynAnalysisRunner has terminated.
Mono: successfully reloaded assembly
- Completed reload, in  1.112 seconds
Platform modules already initialized, skipping
Refreshing native plugins compatible for Editor in 0.50 ms, found 1 plugins.
Preloading 0 native plugins for Editor in 0.00 ms.
Unloading 2214 Unused Serialized files (Serialized files now loaded: 0)
System memory in use before: 109.3 MB.
System memory in use after: 109.5 MB.

Unloading 8 unused Assets to reduce memory usage. Loaded Objects now: 2756.
Total: 2.342300 ms (FindLiveObjects: 0.249200 ms CreateObjectMapping: 0.145300 ms MarkObjects: 1.927700 ms  DeleteObjects: 0.018400 ms)

========================================================================
Received Prepare
Registering precompiled user dll's ...
Registered in 0.001164 seconds.
Begin MonoManager ReloadAssembly
Native extension for WindowsStandalone target not found
Refreshing native plugins compatible for Editor in 0.66 ms, found 1 plugins.
Preloading 0 native plugins for Editor in 0.00 ms.
Invoked RoslynAnalysisRunner static constructor.
RoslynAnalysisRunner will not be running.
RoslynAnalysisRunner has terminated.
Mono: successfully reloaded assembly
- Completed reload, in  0.911 seconds
Platform modules already initialized, skipping
Refreshing native plugins compatible for Editor in 0.48 ms, found 1 plugins.
Preloading 0 native plugins for Editor in 0.00 ms.
Unloading 2214 Unused Serialized files (Serialized files now loaded: 0)
System memory in use before: 109.3 MB.
System memory in use after: 109.5 MB.

Unloading 8 unused Assets to reduce memory usage. Loaded Objects now: 2760.
Total: 1.929200 ms (FindLiveObjects: 0.196800 ms CreateObjectMapping: 0.075800 ms MarkObjects: 1.626500 ms  DeleteObjects: 0.028500 ms)

========================================================================
Received Prepare
Registering precompiled user dll's ...
Registered in 0.002264 seconds.
Begin MonoManager ReloadAssembly
Native extension for WindowsStandalone target not found
Refreshing native plugins compatible for Editor in 0.86 ms, found 1 plugins.
Preloading 0 native plugins for Editor in 0.00 ms.
Invoked RoslynAnalysisRunner static constructor.
RoslynAnalysisRunner will not be running.
RoslynAnalysisRunner has terminated.
Mono: successfully reloaded assembly
- Completed reload, in  2.128 seconds
Platform modules already initialized, skipping
Refreshing native plugins compatible for Editor in 1.24 ms, found 1 plugins.
Preloading 0 native plugins for Editor in 0.00 ms.
Unloading 2214 Unused Serialized files (Serialized files now loaded: 0)
System memory in use before: 109.4 MB.
System memory in use after: 109.6 MB.

Unloading 8 unused Assets to reduce memory usage. Loaded Objects now: 2764.
Total: 6.985700 ms (FindLiveObjects: 0.528000 ms CreateObjectMapping: 0.287500 ms MarkObjects: 6.117300 ms  DeleteObjects: 0.049400 ms)

========================================================================
Received Prepare
Registering precompiled user dll's ...
Registered in 0.002551 seconds.
Begin MonoManager ReloadAssembly
Native extension for WindowsStandalone target not found
Refreshing native plugins compatible for Editor in 0.69 ms, found 1 plugins.
Preloading 0 native plugins for Editor in 0.00 ms.
Invoked RoslynAnalysisRunner static constructor.
RoslynAnalysisRunner will not be running.
RoslynAnalysisRunner has terminated.
Mono: successfully reloaded assembly
- Completed reload, in  1.224 seconds
Platform modules already initialized, skipping
Refreshing native plugins compatible for Editor in 0.53 ms, found 1 plugins.
Preloading 0 native plugins for Editor in 0.00 ms.
Unloading 2214 Unused Serialized files (Serialized files now loaded: 0)
System memory in use before: 109.4 MB.
System memory in use after: 109.6 MB.

Unloading 8 unused Assets to reduce memory usage. Loaded Objects now: 2768.
Total: 2.067100 ms (FindLiveObjects: 0.196000 ms CreateObjectMapping: 0.076700 ms MarkObjects: 1.772100 ms  DeleteObjects: 0.020600 ms)

========================================================================
Received Prepare
Registering precompiled user dll's ...
Registered in 0.002899 seconds.
Begin MonoManager ReloadAssembly
Native extension for WindowsStandalone target not found
Refreshing native plugins compatible for Editor in 0.84 ms, found 1 plugins.
Preloading 0 native plugins for Editor in 0.00 ms.
Invoked RoslynAnalysisRunner static constructor.
RoslynAnalysisRunner will not be running.
RoslynAnalysisRunner has terminated.
Mono: successfully reloaded assembly
- Completed reload, in  1.390 seconds
Platform modules already initialized, skipping
Refreshing native plugins compatible for Editor in 0.51 ms, found 1 plugins.
Preloading 0 native plugins for Editor in 0.00 ms.
Unloading 2214 Unused Serialized files (Serialized files now loaded: 0)
System memory in use before: 109.4 MB.
System memory in use after: 109.6 MB.

Unloading 8 unused Assets to reduce memory usage. Loaded Objects now: 2772.
Total: 2.203900 ms (FindLiveObjects: 0.208500 ms CreateObjectMapping: 0.073400 ms MarkObjects: 1.889800 ms  DeleteObjects: 0.030400 ms)

========================================================================
Received Prepare
Registering precompiled user dll's ...
Registered in 0.001869 seconds.
Begin MonoManager ReloadAssembly
Native extension for WindowsStandalone target not found
Refreshing native plugins compatible for Editor in 0.55 ms, found 1 plugins.
Preloading 0 native plugins for Editor in 0.00 ms.
Invoked RoslynAnalysisRunner static constructor.
RoslynAnalysisRunner will not be running.
RoslynAnalysisRunner has terminated.
Mono: successfully reloaded assembly
- Completed reload, in  0.953 seconds
Platform modules already initialized, skipping
Refreshing native plugins compatible for Editor in 0.52 ms, found 1 plugins.
Preloading 0 native plugins for Editor in 0.00 ms.
Unloading 2214 Unused Serialized files (Serialized files now loaded: 0)
System memory in use before: 109.4 MB.
System memory in use after: 109.6 MB.

Unloading 8 unused Assets to reduce memory usage. Loaded Objects now: 2776.
Total: 1.941000 ms (FindLiveObjects: 0.192200 ms CreateObjectMapping: 0.073500 ms MarkObjects: 1.649900 ms  DeleteObjects: 0.023500 ms)

========================================================================
Received Prepare
Registering precompiled user dll's ...
Registered in 0.001717 seconds.
Begin MonoManager ReloadAssembly
Native extension for WindowsStandalone target not found
Refreshing native plugins compatible for Editor in 0.76 ms, found 1 plugins.
Preloading 0 native plugins for Editor in 0.00 ms.
Invoked RoslynAnalysisRunner static constructor.
RoslynAnalysisRunner will not be running.
RoslynAnalysisRunner has terminated.
Mono: successfully reloaded assembly
- Completed reload, in  1.050 seconds
Platform modules already initialized, skipping
Refreshing native plugins compatible for Editor in 0.48 ms, found 1 plugins.
Preloading 0 native plugins for Editor in 0.00 ms.
Unloading 2214 Unused Serialized files (Serialized files now loaded: 0)
System memory in use before: 109.3 MB.
System memory in use after: 109.5 MB.

Unloading 8 unused Assets to reduce memory usage. Loaded Objects now: 2780.
Total: 2.346300 ms (FindLiveObjects: 0.196800 ms CreateObjectMapping: 0.074300 ms MarkObjects: 2.050800 ms  DeleteObjects: 0.022500 ms)

========================================================================
Received Prepare
Registering precompiled user dll's ...
Registered in 0.002129 seconds.
Begin MonoManager ReloadAssembly
Native extension for WindowsStandalone target not found
Refreshing native plugins compatible for Editor in 0.65 ms, found 1 plugins.
Preloading 0 native plugins for Editor in 0.00 ms.
Invoked RoslynAnalysisRunner static constructor.
RoslynAnalysisRunner will not be running.
RoslynAnalysisRunner has terminated.
Mono: successfully reloaded assembly
- Completed reload, in  1.100 seconds
Platform modules already initialized, skipping
Refreshing native plugins compatible for Editor in 0.52 ms, found 1 plugins.
Preloading 0 native plugins for Editor in 0.00 ms.
Unloading 2214 Unused Serialized files (Serialized files now loaded: 0)
System memory in use before: 109.4 MB.
System memory in use after: 109.6 MB.

Unloading 8 unused Assets to reduce memory usage. Loaded Objects now: 2784.
Total: 3.305200 ms (FindLiveObjects: 0.470000 ms CreateObjectMapping: 0.199900 ms MarkObjects: 2.600500 ms  DeleteObjects: 0.032300 ms)

========================================================================
Received Prepare
Registering precompiled user dll's ...
Registered in 0.002524 seconds.
Begin MonoManager ReloadAssembly
Native extension for WindowsStandalone target not found
Refreshing native plugins compatible for Editor in 0.53 ms, found 1 plugins.
Preloading 0 native plugins for Editor in 0.00 ms.
Invoked RoslynAnalysisRunner static constructor.
RoslynAnalysisRunner will not be running.
RoslynAnalysisRunner has terminated.
Mono: successfully reloaded assembly
- Completed reload, in  0.966 seconds
Platform modules already initialized, skipping
Refreshing native plugins compatible for Editor in 0.66 ms, found 1 plugins.
Preloading 0 native plugins for Editor in 0.00 ms.
Unloading 2214 Unused Serialized files (Serialized files now loaded: 0)
System memory in use before: 109.4 MB.
System memory in use after: 109.6 MB.

Unloading 8 unused Assets to reduce memory usage. Loaded Objects now: 2788.
Total: 2.029500 ms (FindLiveObjects: 0.228000 ms CreateObjectMapping: 0.078000 ms MarkObjects: 1.643000 ms  DeleteObjects: 0.079100 ms)

========================================================================
Received Prepare
Registering precompiled user dll's ...
Registered in 0.002194 seconds.
Begin MonoManager ReloadAssembly
Native extension for WindowsStandalone target not found
Refreshing native plugins compatible for Editor in 0.60 ms, found 1 plugins.
Preloading 0 native plugins for Editor in 0.00 ms.
Invoked RoslynAnalysisRunner static constructor.
RoslynAnalysisRunner will not be running.
RoslynAnalysisRunner has terminated.
Mono: successfully reloaded assembly
- Completed reload, in  0.996 seconds
Platform modules already initialized, skipping
Refreshing native plugins compatible for Editor in 0.55 ms, found 1 plugins.
Preloading 0 native plugins for Editor in 0.00 ms.
Unloading 2214 Unused Serialized files (Serialized files now loaded: 0)
System memory in use before: 109.4 MB.
System memory in use after: 109.6 MB.

Unloading 8 unused Assets to reduce memory usage. Loaded Objects now: 2792.
Total: 2.027100 ms (FindLiveObjects: 0.269800 ms CreateObjectMapping: 0.098400 ms MarkObjects: 1.607900 ms  DeleteObjects: 0.049300 ms)

========================================================================
Received Prepare
Registering precompiled user dll's ...
Registered in 0.002518 seconds.
Begin MonoManager ReloadAssembly
Native extension for WindowsStandalone target not found
Refreshing native plugins compatible for Editor in 0.63 ms, found 1 plugins.
Preloading 0 native plugins for Editor in 0.00 ms.
Invoked RoslynAnalysisRunner static constructor.
RoslynAnalysisRunner will not be running.
RoslynAnalysisRunner has terminated.
Mono: successfully reloaded assembly
- Completed reload, in  1.088 seconds
Platform modules already initialized, skipping
Refreshing native plugins compatible for Editor in 0.84 ms, found 1 plugins.
Preloading 0 native plugins for Editor in 0.00 ms.
Unloading 2214 Unused Serialized files (Serialized files now loaded: 0)
System memory in use before: 109.4 MB.
System memory in use after: 109.6 MB.

Unloading 8 unused Assets to reduce memory usage. Loaded Objects now: 2796.
Total: 3.651100 ms (FindLiveObjects: 0.409200 ms CreateObjectMapping: 0.242600 ms MarkObjects: 2.931000 ms  DeleteObjects: 0.066000 ms)

========================================================================
Received Prepare
Registering precompiled user dll's ...
Registered in 0.001190 seconds.
Begin MonoManager ReloadAssembly
Native extension for WindowsStandalone target not found
Refreshing native plugins compatible for Editor in 0.47 ms, found 1 plugins.
Preloading 0 native plugins for Editor in 0.00 ms.
Invoked RoslynAnalysisRunner static constructor.
RoslynAnalysisRunner will not be running.
RoslynAnalysisRunner has terminated.
Mono: successfully reloaded assembly
- Completed reload, in  1.041 seconds
Platform modules already initialized, skipping
Refreshing native plugins compatible for Editor in 0.74 ms, found 1 plugins.
Preloading 0 native plugins for Editor in 0.00 ms.
Unloading 2214 Unused Serialized files (Serialized files now loaded: 0)
System memory in use before: 109.3 MB.
System memory in use after: 109.5 MB.

Unloading 8 unused Assets to reduce memory usage. Loaded Objects now: 2800.
Total: 3.702900 ms (FindLiveObjects: 0.334700 ms CreateObjectMapping: 0.141000 ms MarkObjects: 3.190300 ms  DeleteObjects: 0.034700 ms)

========================================================================
Received Prepare
Registering precompiled user dll's ...
Registered in 0.001557 seconds.
Begin MonoManager ReloadAssembly
Native extension for WindowsStandalone target not found
Refreshing native plugins compatible for Editor in 0.64 ms, found 1 plugins.
Preloading 0 native plugins for Editor in 0.00 ms.
Invoked RoslynAnalysisRunner static constructor.
RoslynAnalysisRunner will not be running.
RoslynAnalysisRunner has terminated.
Mono: successfully reloaded assembly
- Completed reload, in  1.069 seconds
Platform modules already initialized, skipping
Refreshing native plugins compatible for Editor in 0.62 ms, found 1 plugins.
Preloading 0 native plugins for Editor in 0.00 ms.
Unloading 2214 Unused Serialized files (Serialized files now loaded: 0)
System memory in use before: 109.4 MB.
System memory in use after: 109.6 MB.

Unloading 8 unused Assets to reduce memory usage. Loaded Objects now: 2804.
Total: 1.832400 ms (FindLiveObjects: 0.194300 ms CreateObjectMapping: 0.074100 ms MarkObjects: 1.545200 ms  DeleteObjects: 0.016800 ms)

========================================================================
Received Prepare
Registering precompiled user dll's ...
Registered in 0.001590 seconds.
Begin MonoManager ReloadAssembly
Native extension for WindowsStandalone target not found
Refreshing native plugins compatible for Editor in 0.68 ms, found 1 plugins.
Preloading 0 native plugins for Editor in 0.00 ms.
Invoked RoslynAnalysisRunner static constructor.
RoslynAnalysisRunner will not be running.
RoslynAnalysisRunner has terminated.
Mono: successfully reloaded assembly
- Completed reload, in  0.983 seconds
Platform modules already initialized, skipping
Refreshing native plugins compatible for Editor in 0.63 ms, found 1 plugins.
Preloading 0 native plugins for Editor in 0.00 ms.
Unloading 2214 Unused Serialized files (Serialized files now loaded: 0)
System memory in use before: 109.4 MB.
System memory in use after: 109.7 MB.

Unloading 8 unused Assets to reduce memory usage. Loaded Objects now: 2808.
Total: 2.698100 ms (FindLiveObjects: 0.198400 ms CreateObjectMapping: 0.070700 ms MarkObjects: 2.372300 ms  DeleteObjects: 0.055600 ms)

========================================================================
Received Prepare
Registering precompiled user dll's ...
Registered in 0.001360 seconds.
Begin MonoManager ReloadAssembly
Native extension for WindowsStandalone target not found
Refreshing native plugins compatible for Editor in 0.61 ms, found 1 plugins.
Preloading 0 native plugins for Editor in 0.00 ms.
Invoked RoslynAnalysisRunner static constructor.
RoslynAnalysisRunner will not be running.
RoslynAnalysisRunner has terminated.
Mono: successfully reloaded assembly
- Completed reload, in  0.916 seconds
Platform modules already initialized, skipping
Refreshing native plugins compatible for Editor in 0.57 ms, found 1 plugins.
Preloading 0 native plugins for Editor in 0.00 ms.
Unloading 2214 Unused Serialized files (Serialized files now loaded: 0)
System memory in use before: 109.4 MB.
System memory in use after: 109.7 MB.

Unloading 8 unused Assets to reduce memory usage. Loaded Objects now: 2812.
Total: 1.986700 ms (FindLiveObjects: 0.232200 ms CreateObjectMapping: 0.094900 ms MarkObjects: 1.601200 ms  DeleteObjects: 0.056300 ms)

========================================================================
Received Prepare
Registering precompiled user dll's ...
Registered in 0.001764 seconds.
Begin MonoManager ReloadAssembly
Native extension for WindowsStandalone target not found
Refreshing native plugins compatible for Editor in 1.02 ms, found 1 plugins.
Preloading 0 native plugins for Editor in 0.00 ms.
Invoked RoslynAnalysisRunner static constructor.
RoslynAnalysisRunner will not be running.
RoslynAnalysisRunner has terminated.
Mono: successfully reloaded assembly
- Completed reload, in  1.036 seconds
Platform modules already initialized, skipping
Refreshing native plugins compatible for Editor in 0.52 ms, found 1 plugins.
Preloading 0 native plugins for Editor in 0.00 ms.
Unloading 2214 Unused Serialized files (Serialized files now loaded: 0)
System memory in use before: 109.5 MB.
System memory in use after: 109.7 MB.

Unloading 8 unused Assets to reduce memory usage. Loaded Objects now: 2816.
Total: 1.776900 ms (FindLiveObjects: 0.190700 ms CreateObjectMapping: 0.087300 ms MarkObjects: 1.480400 ms  DeleteObjects: 0.017000 ms)

========================================================================
Received Prepare
Registering precompiled user dll's ...
Registered in 0.001210 seconds.
Begin MonoManager ReloadAssembly
Native extension for WindowsStandalone target not found
Refreshing native plugins compatible for Editor in 0.57 ms, found 1 plugins.
Preloading 0 native plugins for Editor in 0.00 ms.
Invoked RoslynAnalysisRunner static constructor.
RoslynAnalysisRunner will not be running.
RoslynAnalysisRunner has terminated.
Mono: successfully reloaded assembly
- Completed reload, in  1.150 seconds
Platform modules already initialized, skipping
Refreshing native plugins compatible for Editor in 0.57 ms, found 1 plugins.
Preloading 0 native plugins for Editor in 0.00 ms.
Unloading 2214 Unused Serialized files (Serialized files now loaded: 0)
System memory in use before: 109.4 MB.
System memory in use after: 109.6 MB.

Unloading 8 unused Assets to reduce memory usage. Loaded Objects now: 2820.
Total: 3.391000 ms (FindLiveObjects: 0.462100 ms CreateObjectMapping: 0.188100 ms MarkObjects: 2.679500 ms  DeleteObjects: 0.058300 ms)

========================================================================
Received Prepare
Registering precompiled user dll's ...
Registered in 0.001158 seconds.
Begin MonoManager ReloadAssembly
Native extension for WindowsStandalone target not found
Refreshing native plugins compatible for Editor in 0.47 ms, found 1 plugins.
Preloading 0 native plugins for Editor in 0.00 ms.
Invoked RoslynAnalysisRunner static constructor.
RoslynAnalysisRunner will not be running.
RoslynAnalysisRunner has terminated.
Mono: successfully reloaded assembly
- Completed reload, in  1.036 seconds
Platform modules already initialized, skipping
Refreshing native plugins compatible for Editor in 0.63 ms, found 1 plugins.
Preloading 0 native plugins for Editor in 0.00 ms.
Unloading 2214 Unused Serialized files (Serialized files now loaded: 0)
System memory in use before: 109.5 MB.
System memory in use after: 109.7 MB.

Unloading 8 unused Assets to reduce memory usage. Loaded Objects now: 2824.
Total: 2.020100 ms (FindLiveObjects: 0.190400 ms CreateObjectMapping: 0.075700 ms MarkObjects: 1.727600 ms  DeleteObjects: 0.025000 ms)

========================================================================
Received Prepare
Registering precompiled user dll's ...
Registered in 0.001875 seconds.
Begin MonoManager ReloadAssembly
Native extension for WindowsStandalone target not found
Refreshing native plugins compatible for Editor in 0.73 ms, found 1 plugins.
Preloading 0 native plugins for Editor in 0.00 ms.
Invoked RoslynAnalysisRunner static constructor.
RoslynAnalysisRunner will not be running.
RoslynAnalysisRunner has terminated.
Mono: successfully reloaded assembly
- Completed reload, in  1.076 seconds
Platform modules already initialized, skipping
Refreshing native plugins compatible for Editor in 0.50 ms, found 1 plugins.
Preloading 0 native plugins for Editor in 0.00 ms.
Unloading 2214 Unused Serialized files (Serialized files now loaded: 0)
System memory in use before: 109.5 MB.
System memory in use after: 109.7 MB.

Unloading 8 unused Assets to reduce memory usage. Loaded Objects now: 2828.
Total: 2.393100 ms (FindLiveObjects: 0.198100 ms CreateObjectMapping: 0.074900 ms MarkObjects: 1.753800 ms  DeleteObjects: 0.364800 ms)

========================================================================
Received Prepare
Registering precompiled user dll's ...
Registered in 0.001244 seconds.
Begin MonoManager ReloadAssembly
Native extension for WindowsStandalone target not found
Refreshing native plugins compatible for Editor in 0.55 ms, found 1 plugins.
Preloading 0 native plugins for Editor in 0.00 ms.
Invoked RoslynAnalysisRunner static constructor.
RoslynAnalysisRunner will not be running.
RoslynAnalysisRunner has terminated.
Mono: successfully reloaded assembly
- Completed reload, in  1.017 seconds
Platform modules already initialized, skipping
Refreshing native plugins compatible for Editor in 0.75 ms, found 1 plugins.
Preloading 0 native plugins for Editor in 0.00 ms.
Unloading 2214 Unused Serialized files (Serialized files now loaded: 0)
System memory in use before: 109.5 MB.
System memory in use after: 109.7 MB.

Unloading 8 unused Assets to reduce memory usage. Loaded Objects now: 2832.
Total: 1.948700 ms (FindLiveObjects: 0.209400 ms CreateObjectMapping: 0.074500 ms MarkObjects: 1.642800 ms  DeleteObjects: 0.019500 ms)

========================================================================
Received Prepare
Registering precompiled user dll's ...
Registered in 0.001413 seconds.
Begin MonoManager ReloadAssembly
Native extension for WindowsStandalone target not found
Refreshing native plugins compatible for Editor in 0.58 ms, found 1 plugins.
Preloading 0 native plugins for Editor in 0.00 ms.
Invoked RoslynAnalysisRunner static constructor.
RoslynAnalysisRunner will not be running.
RoslynAnalysisRunner has terminated.
Mono: successfully reloaded assembly
- Completed reload, in  1.020 seconds
Platform modules already initialized, skipping
Refreshing native plugins compatible for Editor in 0.48 ms, found 1 plugins.
Preloading 0 native plugins for Editor in 0.00 ms.
Unloading 2214 Unused Serialized files (Serialized files now loaded: 0)
System memory in use before: 109.5 MB.
System memory in use after: 109.7 MB.

Unloading 8 unused Assets to reduce memory usage. Loaded Objects now: 2836.
Total: 1.898000 ms (FindLiveObjects: 0.267500 ms CreateObjectMapping: 0.104400 ms MarkObjects: 1.506900 ms  DeleteObjects: 0.017300 ms)

========================================================================
Received Prepare
Registering precompiled user dll's ...
Registered in 0.001190 seconds.
Begin MonoManager ReloadAssembly
Native extension for WindowsStandalone target not found
Refreshing native plugins compatible for Editor in 0.49 ms, found 1 plugins.
Preloading 0 native plugins for Editor in 0.00 ms.
Invoked RoslynAnalysisRunner static constructor.
RoslynAnalysisRunner will not be running.
RoslynAnalysisRunner has terminated.
Mono: successfully reloaded assembly
- Completed reload, in  1.076 seconds
Platform modules already initialized, skipping
Refreshing native plugins compatible for Editor in 0.51 ms, found 1 plugins.
Preloading 0 native plugins for Editor in 0.00 ms.
Unloading 2214 Unused Serialized files (Serialized files now loaded: 0)
System memory in use before: 109.4 MB.
System memory in use after: 109.6 MB.

Unloading 8 unused Assets to reduce memory usage. Loaded Objects now: 2840.
Total: 2.958100 ms (FindLiveObjects: 0.380000 ms CreateObjectMapping: 0.168900 ms MarkObjects: 2.377800 ms  DeleteObjects: 0.028700 ms)

========================================================================
Received Prepare
Registering precompiled user dll's ...
Registered in 0.001717 seconds.
Begin MonoManager ReloadAssembly
Native extension for WindowsStandalone target not found
Refreshing native plugins compatible for Editor in 0.72 ms, found 1 plugins.
Preloading 0 native plugins for Editor in 0.00 ms.
Invoked RoslynAnalysisRunner static constructor.
RoslynAnalysisRunner will not be running.
RoslynAnalysisRunner has terminated.
Mono: successfully reloaded assembly
- Completed reload, in  1.117 seconds
Platform modules already initialized, skipping
Refreshing native plugins compatible for Editor in 0.47 ms, found 1 plugins.
Preloading 0 native plugins for Editor in 0.00 ms.
Unloading 2214 Unused Serialized files (Serialized files now loaded: 0)
System memory in use before: 109.5 MB.
System memory in use after: 109.7 MB.

Unloading 8 unused Assets to reduce memory usage. Loaded Objects now: 2844.
Total: 2.063400 ms (FindLiveObjects: 0.338000 ms CreateObjectMapping: 0.151100 ms MarkObjects: 1.553300 ms  DeleteObjects: 0.018700 ms)

========================================================================
Received Prepare
Registering precompiled user dll's ...
Registered in 0.001179 seconds.
Begin MonoManager ReloadAssembly
Native extension for WindowsStandalone target not found
Refreshing native plugins compatible for Editor in 0.79 ms, found 1 plugins.
Preloading 0 native plugins for Editor in 0.00 ms.
Invoked RoslynAnalysisRunner static constructor.
RoslynAnalysisRunner will not be running.
RoslynAnalysisRunner has terminated.
Mono: successfully reloaded assembly
- Completed reload, in  0.995 seconds
Platform modules already initialized, skipping
Refreshing native plugins compatible for Editor in 0.48 ms, found 1 plugins.
Preloading 0 native plugins for Editor in 0.00 ms.
Unloading 2214 Unused Serialized files (Serialized files now loaded: 0)
System memory in use before: 109.5 MB.
System memory in use after: 109.7 MB.

Unloading 8 unused Assets to reduce memory usage. Loaded Objects now: 2848.
Total: 2.491900 ms (FindLiveObjects: 0.197400 ms CreateObjectMapping: 0.069900 ms MarkObjects: 1.927000 ms  DeleteObjects: 0.296000 ms)

========================================================================
Received Prepare
Registering precompiled user dll's ...
Registered in 0.001234 seconds.
Begin MonoManager ReloadAssembly
Native extension for WindowsStandalone target not found
Refreshing native plugins compatible for Editor in 0.49 ms, found 1 plugins.
Preloading 0 native plugins for Editor in 0.00 ms.
Invoked RoslynAnalysisRunner static constructor.
RoslynAnalysisRunner will not be running.
RoslynAnalysisRunner has terminated.
Mono: successfully reloaded assembly
- Completed reload, in  1.166 seconds
Platform modules already initialized, skipping
Refreshing native plugins compatible for Editor in 1.17 ms, found 1 plugins.
Preloading 0 native plugins for Editor in 0.00 ms.
Unloading 2214 Unused Serialized files (Serialized files now loaded: 0)
System memory in use before: 109.5 MB.
System memory in use after: 109.8 MB.

Unloading 8 unused Assets to reduce memory usage. Loaded Objects now: 2852.
Total: 2.044500 ms (FindLiveObjects: 0.251000 ms CreateObjectMapping: 0.098600 ms MarkObjects: 1.671300 ms  DeleteObjects: 0.021900 ms)

========================================================================
Received Prepare
Registering precompiled user dll's ...
Registered in 0.001175 seconds.
Begin MonoManager ReloadAssembly
Native extension for WindowsStandalone target not found
Refreshing native plugins compatible for Editor in 0.74 ms, found 1 plugins.
Preloading 0 native plugins for Editor in 0.00 ms.
Invoked RoslynAnalysisRunner static constructor.
RoslynAnalysisRunner will not be running.
RoslynAnalysisRunner has terminated.
Mono: successfully reloaded assembly
- Completed reload, in  1.261 seconds
Platform modules already initialized, skipping
Refreshing native plugins compatible for Editor in 0.51 ms, found 1 plugins.
Preloading 0 native plugins for Editor in 0.00 ms.
Unloading 2214 Unused Serialized files (Serialized files now loaded: 0)
System memory in use before: 109.5 MB.
System memory in use after: 109.8 MB.

Unloading 8 unused Assets to reduce memory usage. Loaded Objects now: 2856.
Total: 1.859300 ms (FindLiveObjects: 0.203400 ms CreateObjectMapping: 0.076600 ms MarkObjects: 1.558100 ms  DeleteObjects: 0.019700 ms)

========================================================================
Received Prepare
Registering precompiled user dll's ...
Registered in 0.001358 seconds.
Begin MonoManager ReloadAssembly
Native extension for WindowsStandalone target not found
Refreshing native plugins compatible for Editor in 1.52 ms, found 1 plugins.
Preloading 0 native plugins for Editor in 0.00 ms.
Invoked RoslynAnalysisRunner static constructor.
RoslynAnalysisRunner will not be running.
RoslynAnalysisRunner has terminated.
Mono: successfully reloaded assembly
- Completed reload, in  0.965 seconds
Platform modules already initialized, skipping
Refreshing native plugins compatible for Editor in 0.51 ms, found 1 plugins.
Preloading 0 native plugins for Editor in 0.00 ms.
Unloading 2214 Unused Serialized files (Serialized files now loaded: 0)
System memory in use before: 109.5 MB.
System memory in use after: 109.7 MB.

Unloading 8 unused Assets to reduce memory usage. Loaded Objects now: 2860.
Total: 2.103700 ms (FindLiveObjects: 0.319300 ms CreateObjectMapping: 0.132700 ms MarkObjects: 1.631800 ms  DeleteObjects: 0.018000 ms)

========================================================================
Received Prepare
Registering precompiled user dll's ...
Registered in 0.001890 seconds.
Begin MonoManager ReloadAssembly
Native extension for WindowsStandalone target not found
Refreshing native plugins compatible for Editor in 0.47 ms, found 1 plugins.
Preloading 0 native plugins for Editor in 0.00 ms.
Invoked RoslynAnalysisRunner static constructor.
RoslynAnalysisRunner will not be running.
RoslynAnalysisRunner has terminated.
Mono: successfully reloaded assembly
- Completed reload, in  1.008 seconds
Platform modules already initialized, skipping
Refreshing native plugins compatible for Editor in 0.52 ms, found 1 plugins.
Preloading 0 native plugins for Editor in 0.00 ms.
Unloading 2214 Unused Serialized files (Serialized files now loaded: 0)
System memory in use before: 109.6 MB.
System memory in use after: 109.8 MB.

Unloading 8 unused Assets to reduce memory usage. Loaded Objects now: 2864.
Total: 2.954600 ms (FindLiveObjects: 0.360900 ms CreateObjectMapping: 0.147800 ms MarkObjects: 2.412100 ms  DeleteObjects: 0.031400 ms)

========================================================================
Received Prepare
Registering precompiled user dll's ...
Registered in 0.001169 seconds.
Begin MonoManager ReloadAssembly
Native extension for WindowsStandalone target not found
Refreshing native plugins compatible for Editor in 0.52 ms, found 1 plugins.
Preloading 0 native plugins for Editor in 0.00 ms.
Invoked RoslynAnalysisRunner static constructor.
RoslynAnalysisRunner will not be running.
RoslynAnalysisRunner has terminated.
Mono: successfully reloaded assembly
- Completed reload, in  1.005 seconds
Platform modules already initialized, skipping
Refreshing native plugins compatible for Editor in 0.50 ms, found 1 plugins.
Preloading 0 native plugins for Editor in 0.00 ms.
Unloading 2214 Unused Serialized files (Serialized files now loaded: 0)
System memory in use before: 109.6 MB.
System memory in use after: 109.8 MB.

Unloading 8 unused Assets to reduce memory usage. Loaded Objects now: 2868.
Total: 2.213200 ms (FindLiveObjects: 0.205300 ms CreateObjectMapping: 0.078700 ms MarkObjects: 1.625600 ms  DeleteObjects: 0.302000 ms)

========================================================================
Received Prepare
Registering precompiled user dll's ...
Registered in 0.001362 seconds.
Begin MonoManager ReloadAssembly
Native extension for WindowsStandalone target not found
Refreshing native plugins compatible for Editor in 0.49 ms, found 1 plugins.
Preloading 0 native plugins for Editor in 0.00 ms.
Invoked RoslynAnalysisRunner static constructor.
RoslynAnalysisRunner will not be running.
RoslynAnalysisRunner has terminated.
Mono: successfully reloaded assembly
- Completed reload, in  0.985 seconds
Platform modules already initialized, skipping
Refreshing native plugins compatible for Editor in 0.57 ms, found 1 plugins.
Preloading 0 native plugins for Editor in 0.00 ms.
Unloading 2214 Unused Serialized files (Serialized files now loaded: 0)
System memory in use before: 109.6 MB.
System memory in use after: 109.8 MB.

Unloading 8 unused Assets to reduce memory usage. Loaded Objects now: 2872.
Total: 2.190100 ms (FindLiveObjects: 0.218200 ms CreateObjectMapping: 0.117600 ms MarkObjects: 1.801400 ms  DeleteObjects: 0.051400 ms)

========================================================================
Received Prepare
Registering precompiled user dll's ...
Registered in 0.001304 seconds.
Begin MonoManager ReloadAssembly
Native extension for WindowsStandalone target not found
Refreshing native plugins compatible for Editor in 0.47 ms, found 1 plugins.
Preloading 0 native plugins for Editor in 0.00 ms.
Invoked RoslynAnalysisRunner static constructor.
RoslynAnalysisRunner will not be running.
RoslynAnalysisRunner has terminated.
Mono: successfully reloaded assembly
- Completed reload, in  0.994 seconds
Platform modules already initialized, skipping
Refreshing native plugins compatible for Editor in 1.32 ms, found 1 plugins.
Preloading 0 native plugins for Editor in 0.00 ms.
Unloading 2214 Unused Serialized files (Serialized files now loaded: 0)
System memory in use before: 109.6 MB.
System memory in use after: 109.8 MB.

Unloading 8 unused Assets to reduce memory usage. Loaded Objects now: 2876.
Total: 2.012900 ms (FindLiveObjects: 0.218000 ms CreateObjectMapping: 0.087300 ms MarkObjects: 1.673000 ms  DeleteObjects: 0.032400 ms)

========================================================================
Received Prepare
Registering precompiled user dll's ...
Registered in 0.001352 seconds.
Begin MonoManager ReloadAssembly
Native extension for WindowsStandalone target not found
Refreshing native plugins compatible for Editor in 0.57 ms, found 1 plugins.
Preloading 0 native plugins for Editor in 0.00 ms.
Invoked RoslynAnalysisRunner static constructor.
RoslynAnalysisRunner will not be running.
RoslynAnalysisRunner has terminated.
Mono: successfully reloaded assembly
- Completed reload, in  1.019 seconds
Platform modules already initialized, skipping
Refreshing native plugins compatible for Editor in 0.53 ms, found 1 plugins.
Preloading 0 native plugins for Editor in 0.00 ms.
Unloading 2214 Unused Serialized files (Serialized files now loaded: 0)
System memory in use before: 109.5 MB.
System memory in use after: 109.7 MB.

Unloading 8 unused Assets to reduce memory usage. Loaded Objects now: 2880.
Total: 1.984900 ms (FindLiveObjects: 0.203500 ms CreateObjectMapping: 0.074000 ms MarkObjects: 1.684400 ms  DeleteObjects: 0.021400 ms)

========================================================================
Received Prepare
Registering precompiled user dll's ...
Registered in 0.001247 seconds.
Begin MonoManager ReloadAssembly
Native extension for WindowsStandalone target not found
Refreshing native plugins compatible for Editor in 0.87 ms, found 1 plugins.
Preloading 0 native plugins for Editor in 0.00 ms.
Invoked RoslynAnalysisRunner static constructor.
RoslynAnalysisRunner will not be running.
RoslynAnalysisRunner has terminated.
Mono: successfully reloaded assembly
- Completed reload, in  1.101 seconds
Platform modules already initialized, skipping
Refreshing native plugins compatible for Editor in 0.48 ms, found 1 plugins.
Preloading 0 native plugins for Editor in 0.00 ms.
Unloading 2214 Unused Serialized files (Serialized files now loaded: 0)
System memory in use before: 109.6 MB.
System memory in use after: 109.8 MB.

Unloading 8 unused Assets to reduce memory usage. Loaded Objects now: 2884.
Total: 2.305900 ms (FindLiveObjects: 0.347300 ms CreateObjectMapping: 0.133900 ms MarkObjects: 1.568400 ms  DeleteObjects: 0.253600 ms)

========================================================================
Received Prepare
Registering precompiled user dll's ...
Registered in 0.001145 seconds.
Begin MonoManager ReloadAssembly
Native extension for WindowsStandalone target not found
Refreshing native plugins compatible for Editor in 0.52 ms, found 1 plugins.
Preloading 0 native plugins for Editor in 0.00 ms.
Invoked RoslynAnalysisRunner static constructor.
RoslynAnalysisRunner will not be running.
RoslynAnalysisRunner has terminated.
Mono: successfully reloaded assembly
- Completed reload, in  0.979 seconds
Platform modules already initialized, skipping
Refreshing native plugins compatible for Editor in 0.47 ms, found 1 plugins.
Preloading 0 native plugins for Editor in 0.00 ms.
Unloading 2214 Unused Serialized files (Serialized files now loaded: 0)
System memory in use before: 109.6 MB.
System memory in use after: 109.8 MB.

Unloading 8 unused Assets to reduce memory usage. Loaded Objects now: 2888.
Total: 2.182000 ms (FindLiveObjects: 0.202600 ms CreateObjectMapping: 0.073200 ms MarkObjects: 1.875100 ms  DeleteObjects: 0.029400 ms)

========================================================================
Received Prepare
Registering precompiled user dll's ...
Registered in 0.002894 seconds.
Begin MonoManager ReloadAssembly
Native extension for WindowsStandalone target not found
Refreshing native plugins compatible for Editor in 0.84 ms, found 1 plugins.
Preloading 0 native plugins for Editor in 0.00 ms.
Invoked RoslynAnalysisRunner static constructor.
RoslynAnalysisRunner will not be running.
RoslynAnalysisRunner has terminated.
Mono: successfully reloaded assembly
- Completed reload, in  1.043 seconds
Platform modules already initialized, skipping
Refreshing native plugins compatible for Editor in 0.57 ms, found 1 plugins.
Preloading 0 native plugins for Editor in 0.00 ms.
Unloading 2214 Unused Serialized files (Serialized files now loaded: 0)
System memory in use before: 109.6 MB.
System memory in use after: 109.8 MB.

Unloading 8 unused Assets to reduce memory usage. Loaded Objects now: 2892.
Total: 2.227300 ms (FindLiveObjects: 0.342800 ms CreateObjectMapping: 0.147100 ms MarkObjects: 1.664700 ms  DeleteObjects: 0.070700 ms)

========================================================================
Received Prepare
Registering precompiled user dll's ...
Registered in 0.002101 seconds.
Begin MonoManager ReloadAssembly
Native extension for WindowsStandalone target not found
Refreshing native plugins compatible for Editor in 0.72 ms, found 1 plugins.
Preloading 0 native plugins for Editor in 0.00 ms.
Invoked RoslynAnalysisRunner static constructor.
RoslynAnalysisRunner will not be running.
RoslynAnalysisRunner has terminated.
Mono: successfully reloaded assembly
- Completed reload, in  2.140 seconds
Platform modules already initialized, skipping
Refreshing native plugins compatible for Editor in 0.64 ms, found 1 plugins.
Preloading 0 native plugins for Editor in 0.00 ms.
Unloading 2214 Unused Serialized files (Serialized files now loaded: 0)
System memory in use before: 109.6 MB.
System memory in use after: 109.8 MB.

Unloading 8 unused Assets to reduce memory usage. Loaded Objects now: 2896.
Total: 2.942000 ms (FindLiveObjects: 0.384500 ms CreateObjectMapping: 0.145600 ms MarkObjects: 2.376400 ms  DeleteObjects: 0.032900 ms)

========================================================================
Received Prepare
Registering precompiled user dll's ...
Registered in 0.002379 seconds.
Begin MonoManager ReloadAssembly
Native extension for WindowsStandalone target not found
Refreshing native plugins compatible for Editor in 0.47 ms, found 1 plugins.
Preloading 0 native plugins for Editor in 0.00 ms.
Invoked RoslynAnalysisRunner static constructor.
RoslynAnalysisRunner will not be running.
RoslynAnalysisRunner has terminated.
Mono: successfully reloaded assembly
- Completed reload, in  0.998 seconds
Platform modules already initialized, skipping
Refreshing native plugins compatible for Editor in 0.51 ms, found 1 plugins.
Preloading 0 native plugins for Editor in 0.00 ms.
Unloading 2214 Unused Serialized files (Serialized files now loaded: 0)
System memory in use before: 109.5 MB.
System memory in use after: 109.8 MB.

Unloading 8 unused Assets to reduce memory usage. Loaded Objects now: 2900.
Total: 1.870200 ms (FindLiveObjects: 0.206600 ms CreateObjectMapping: 0.090000 ms MarkObjects: 1.552800 ms  DeleteObjects: 0.019100 ms)

========================================================================
Received Prepare
Registering precompiled user dll's ...
Registered in 0.002341 seconds.
Begin MonoManager ReloadAssembly
Native extension for WindowsStandalone target not found
Refreshing native plugins compatible for Editor in 0.46 ms, found 1 plugins.
Preloading 0 native plugins for Editor in 0.00 ms.
Invoked RoslynAnalysisRunner static constructor.
RoslynAnalysisRunner will not be running.
RoslynAnalysisRunner has terminated.
Mono: successfully reloaded assembly
- Completed reload, in  1.027 seconds
Platform modules already initialized, skipping
Refreshing native plugins compatible for Editor in 0.55 ms, found 1 plugins.
Preloading 0 native plugins for Editor in 0.00 ms.
Unloading 2214 Unused Serialized files (Serialized files now loaded: 0)
System memory in use before: 109.6 MB.
System memory in use after: 109.9 MB.

Unloading 8 unused Assets to reduce memory usage. Loaded Objects now: 2904.
Total: 1.918000 ms (FindLiveObjects: 0.203700 ms CreateObjectMapping: 0.073800 ms MarkObjects: 1.588400 ms  DeleteObjects: 0.050800 ms)

========================================================================
Received Prepare
Registering precompiled user dll's ...
Registered in 0.001702 seconds.
Begin MonoManager ReloadAssembly
Native extension for WindowsStandalone target not found
Refreshing native plugins compatible for Editor in 1.14 ms, found 1 plugins.
Preloading 0 native plugins for Editor in 0.00 ms.
Invoked RoslynAnalysisRunner static constructor.
RoslynAnalysisRunner will not be running.
RoslynAnalysisRunner has terminated.
Mono: successfully reloaded assembly
- Completed reload, in  1.306 seconds
Platform modules already initialized, skipping
Refreshing native plugins compatible for Editor in 0.55 ms, found 1 plugins.
Preloading 0 native plugins for Editor in 0.00 ms.
Unloading 2214 Unused Serialized files (Serialized files now loaded: 0)
System memory in use before: 109.7 MB.
System memory in use after: 109.9 MB.

Unloading 8 unused Assets to reduce memory usage. Loaded Objects now: 2908.
Total: 2.343900 ms (FindLiveObjects: 0.241900 ms CreateObjectMapping: 0.100200 ms MarkObjects: 1.950600 ms  DeleteObjects: 0.049200 ms)

========================================================================
Received Prepare
Registering precompiled user dll's ...
Registered in 0.002196 seconds.
Begin MonoManager ReloadAssembly
Native extension for WindowsStandalone target not found
Refreshing native plugins compatible for Editor in 0.47 ms, found 1 plugins.
Preloading 0 native plugins for Editor in 0.00 ms.
Invoked RoslynAnalysisRunner static constructor.
RoslynAnalysisRunner will not be running.
RoslynAnalysisRunner has terminated.
Mono: successfully reloaded assembly
- Completed reload, in  1.077 seconds
Platform modules already initialized, skipping
Refreshing native plugins compatible for Editor in 0.64 ms, found 1 plugins.
Preloading 0 native plugins for Editor in 0.00 ms.
Unloading 2214 Unused Serialized files (Serialized files now loaded: 0)
System memory in use before: 109.7 MB.
System memory in use after: 109.9 MB.

Unloading 8 unused Assets to reduce memory usage. Loaded Objects now: 2912.
Total: 2.126800 ms (FindLiveObjects: 0.230900 ms CreateObjectMapping: 0.087100 ms MarkObjects: 1.787000 ms  DeleteObjects: 0.019600 ms)

========================================================================
Received Import Request.
  Time since last request: 15169.630968 seconds.
  path: Assets/scrip.cs
  artifactKey: Guid(19bb43bac05957246b5e13046626b53a) Importer(815301076,1909f56bfc062723c751e8b465ee728b)
Start importing Assets/scrip.cs using Guid(19bb43bac05957246b5e13046626b53a) Importer(815301076,1909f56bfc062723c751e8b465ee728b)  -> (artifact id: 'd22d2eb95eb5aa0adf9102ade404187f') in 0.036987 seconds
  Import took 0.044406 seconds .

========================================================================
Received Prepare
Registering precompiled user dll's ...
Registered in 0.001925 seconds.
Begin MonoManager ReloadAssembly
Native extension for WindowsStandalone target not found
Refreshing native plugins compatible for Editor in 0.55 ms, found 1 plugins.
Preloading 0 native plugins for Editor in 0.00 ms.
Invoked RoslynAnalysisRunner static constructor.
RoslynAnalysisRunner will not be running.
RoslynAnalysisRunner has terminated.
Mono: successfully reloaded assembly
- Completed reload, in  1.007 seconds
Platform modules already initialized, skipping
Refreshing native plugins compatible for Editor in 0.79 ms, found 1 plugins.
Preloading 0 native plugins for Editor in 0.00 ms.
Unloading 2214 Unused Serialized files (Serialized files now loaded: 0)
System memory in use before: 109.7 MB.
System memory in use after: 109.9 MB.

Unloading 8 unused Assets to reduce memory usage. Loaded Objects now: 2916.
Total: 2.091000 ms (FindLiveObjects: 0.211400 ms CreateObjectMapping: 0.082000 ms MarkObjects: 1.774000 ms  DeleteObjects: 0.021500 ms)

========================================================================
Received Import Request.
  Time since last request: 225.445155 seconds.
  path: Assets/scrip.cs
  artifactKey: Guid(19bb43bac05957246b5e13046626b53a) Importer(815301076,1909f56bfc062723c751e8b465ee728b)
Start importing Assets/scrip.cs using Guid(19bb43bac05957246b5e13046626b53a) Importer(815301076,1909f56bfc062723c751e8b465ee728b)  -> (artifact id: '9e8f9c40ef60de827c97ffd050605723') in 0.006310 seconds
  Import took 0.010908 seconds .

========================================================================
Received Prepare
Registering precompiled user dll's ...
Registered in 0.002026 seconds.
Begin MonoManager ReloadAssembly
Native extension for WindowsStandalone target not found
Refreshing native plugins compatible for Editor in 0.48 ms, found 1 plugins.
Preloading 0 native plugins for Editor in 0.00 ms.
Invoked RoslynAnalysisRunner static constructor.
RoslynAnalysisRunner will not be running.
RoslynAnalysisRunner has terminated.
Mono: successfully reloaded assembly
- Completed reload, in  1.065 seconds
Platform modules already initialized, skipping
Refreshing native plugins compatible for Editor in 0.47 ms, found 1 plugins.
Preloading 0 native plugins for Editor in 0.00 ms.
Unloading 2215 Unused Serialized files (Serialized files now loaded: 0)
System memory in use before: 109.6 MB.
System memory in use after: 109.9 MB.

Unloading 8 unused Assets to reduce memory usage. Loaded Objects now: 2921.
Total: 1.910400 ms (FindLiveObjects: 0.218800 ms CreateObjectMapping: 0.073500 ms MarkObjects: 1.591500 ms  DeleteObjects: 0.024500 ms)

========================================================================
Received Prepare
Registering precompiled user dll's ...
Registered in 0.001425 seconds.
Begin MonoManager ReloadAssembly
Native extension for WindowsStandalone target not found
Refreshing native plugins compatible for Editor in 0.98 ms, found 1 plugins.
Preloading 0 native plugins for Editor in 0.00 ms.
Invoked RoslynAnalysisRunner static constructor.
RoslynAnalysisRunner will not be running.
RoslynAnalysisRunner has terminated.
Mono: successfully reloaded assembly
- Completed reload, in  1.191 seconds
Platform modules already initialized, skipping
Refreshing native plugins compatible for Editor in 0.50 ms, found 1 plugins.
Preloading 0 native plugins for Editor in 0.00 ms.
Unloading 2215 Unused Serialized files (Serialized files now loaded: 0)
System memory in use before: 109.7 MB.
System memory in use after: 110.0 MB.

Unloading 8 unused Assets to reduce memory usage. Loaded Objects now: 2925.
Total: 1.870800 ms (FindLiveObjects: 0.209600 ms CreateObjectMapping: 0.075800 ms MarkObjects: 1.563700 ms  DeleteObjects: 0.019800 ms)

========================================================================
Received Import Request.
  Time since last request: 163.954663 seconds.
  path: Assets/Saver.cs
  artifactKey: Guid(8695012a9a301bd4aa37c0d10c58a9b4) Importer(815301076,1909f56bfc062723c751e8b465ee728b)
Start importing Assets/Saver.cs using Guid(8695012a9a301bd4aa37c0d10c58a9b4) Importer(815301076,1909f56bfc062723c751e8b465ee728b)  -> (artifact id: '4a134801258b605ff920e4cdb463b49c') in 0.009426 seconds
  Import took 0.014010 seconds .

========================================================================
Received Prepare
Registering precompiled user dll's ...
Registered in 0.002010 seconds.
Begin MonoManager ReloadAssembly
Native extension for WindowsStandalone target not found
Refreshing native plugins compatible for Editor in 0.79 ms, found 1 plugins.
Preloading 0 native plugins for Editor in 0.00 ms.
Invoked RoslynAnalysisRunner static constructor.
RoslynAnalysisRunner will not be running.
RoslynAnalysisRunner has terminated.
Mono: successfully reloaded assembly
- Completed reload, in  1.009 seconds
Platform modules already initialized, skipping
Refreshing native plugins compatible for Editor in 0.75 ms, found 1 plugins.
Preloading 0 native plugins for Editor in 0.00 ms.
Unloading 2215 Unused Serialized files (Serialized files now loaded: 0)
System memory in use before: 109.7 MB.
System memory in use after: 110.0 MB.

Unloading 8 unused Assets to reduce memory usage. Loaded Objects now: 2929.
Total: 1.971500 ms (FindLiveObjects: 0.209800 ms CreateObjectMapping: 0.075700 ms MarkObjects: 1.665500 ms  DeleteObjects: 0.019200 ms)

========================================================================
Received Prepare
Registering precompiled user dll's ...
Registered in 0.001225 seconds.
Begin MonoManager ReloadAssembly
Native extension for WindowsStandalone target not found
Refreshing native plugins compatible for Editor in 0.91 ms, found 1 plugins.
Preloading 0 native plugins for Editor in 0.00 ms.
Invoked RoslynAnalysisRunner static constructor.
RoslynAnalysisRunner will not be running.
RoslynAnalysisRunner has terminated.
Mono: successfully reloaded assembly
- Completed reload, in  0.959 seconds
Platform modules already initialized, skipping
Refreshing native plugins compatible for Editor in 0.53 ms, found 1 plugins.
Preloading 0 native plugins for Editor in 0.00 ms.
Unloading 2215 Unused Serialized files (Serialized files now loaded: 0)
System memory in use before: 109.8 MB.
System memory in use after: 110.0 MB.

Unloading 8 unused Assets to reduce memory usage. Loaded Objects now: 2933.
Total: 2.160400 ms (FindLiveObjects: 0.241000 ms CreateObjectMapping: 0.094800 ms MarkObjects: 1.802600 ms  DeleteObjects: 0.019600 ms)

========================================================================
Received Prepare
Registering precompiled user dll's ...
Registered in 0.001384 seconds.
Begin MonoManager ReloadAssembly
Native extension for WindowsStandalone target not found
Refreshing native plugins compatible for Editor in 0.47 ms, found 1 plugins.
Preloading 0 native plugins for Editor in 0.00 ms.
Invoked RoslynAnalysisRunner static constructor.
RoslynAnalysisRunner will not be running.
RoslynAnalysisRunner has terminated.
Mono: successfully reloaded assembly
- Completed reload, in  0.967 seconds
Platform modules already initialized, skipping
Refreshing native plugins compatible for Editor in 0.62 ms, found 1 plugins.
Preloading 0 native plugins for Editor in 0.00 ms.
Unloading 2215 Unused Serialized files (Serialized files now loaded: 0)
System memory in use before: 109.8 MB.
System memory in use after: 110.0 MB.

Unloading 8 unused Assets to reduce memory usage. Loaded Objects now: 2937.
Total: 2.304900 ms (FindLiveObjects: 0.396200 ms CreateObjectMapping: 0.160800 ms MarkObjects: 1.725500 ms  DeleteObjects: 0.020500 ms)

========================================================================
Received Prepare
Registering precompiled user dll's ...
Registered in 0.001945 seconds.
Begin MonoManager ReloadAssembly
Native extension for WindowsStandalone target not found
Refreshing native plugins compatible for Editor in 0.87 ms, found 1 plugins.
Preloading 0 native plugins for Editor in 0.00 ms.
Invoked RoslynAnalysisRunner static constructor.
RoslynAnalysisRunner will not be running.
RoslynAnalysisRunner has terminated.
Mono: successfully reloaded assembly
- Completed reload, in  1.186 seconds
Platform modules already initialized, skipping
Refreshing native plugins compatible for Editor in 0.54 ms, found 1 plugins.
Preloading 0 native plugins for Editor in 0.00 ms.
Unloading 2215 Unused Serialized files (Serialized files now loaded: 0)
System memory in use before: 109.7 MB.
System memory in use after: 109.9 MB.

Unloading 8 unused Assets to reduce memory usage. Loaded Objects now: 2941.
Total: 2.275800 ms (FindLiveObjects: 0.221200 ms CreateObjectMapping: 0.089600 ms MarkObjects: 1.937800 ms  DeleteObjects: 0.024900 ms)

========================================================================
Received Import Request.
  Time since last request: 90.639262 seconds.
  path: Assets/Saver.cs
  artifactKey: Guid(8695012a9a301bd4aa37c0d10c58a9b4) Importer(815301076,1909f56bfc062723c751e8b465ee728b)
Start importing Assets/Saver.cs using Guid(8695012a9a301bd4aa37c0d10c58a9b4) Importer(815301076,1909f56bfc062723c751e8b465ee728b)  -> (artifact id: 'f3d12b742bd31581a7422bc6e18613cb') in 0.007603 seconds
  Import took 0.012616 seconds .

========================================================================
Received Prepare
Registering precompiled user dll's ...
Registered in 0.001182 seconds.
Begin MonoManager ReloadAssembly
Native extension for WindowsStandalone target not found
Refreshing native plugins compatible for Editor in 0.55 ms, found 1 plugins.
Preloading 0 native plugins for Editor in 0.00 ms.
Invoked RoslynAnalysisRunner static constructor.
RoslynAnalysisRunner will not be running.
RoslynAnalysisRunner has terminated.
Mono: successfully reloaded assembly
- Completed reload, in  0.973 seconds
Platform modules already initialized, skipping
Refreshing native plugins compatible for Editor in 0.52 ms, found 1 plugins.
Preloading 0 native plugins for Editor in 0.00 ms.
Unloading 2215 Unused Serialized files (Serialized files now loaded: 0)
System memory in use before: 109.8 MB.
System memory in use after: 110.0 MB.

Unloading 8 unused Assets to reduce memory usage. Loaded Objects now: 2945.
Total: 2.106700 ms (FindLiveObjects: 0.208800 ms CreateObjectMapping: 0.072700 ms MarkObjects: 1.805600 ms  DeleteObjects: 0.017700 ms)

